loading file vocab.txt from cache at /home/mitryand/.cache/huggingface/hub/models--bert-base-uncased/snapshots/0a6aa9128b6194f4f3c4db429b6cb4891cdb421b/vocab.txt
loading file added_tokens.json from cache at None
loading file special_tokens_map.json from cache at None
loading file tokenizer_config.json from cache at /home/mitryand/.cache/huggingface/hub/models--bert-base-uncased/snapshots/0a6aa9128b6194f4f3c4db429b6cb4891cdb421b/tokenizer_config.json
loading configuration file config.json from cache at /home/mitryand/.cache/huggingface/hub/models--bert-base-uncased/snapshots/0a6aa9128b6194f4f3c4db429b6cb4891cdb421b/config.json
Model config BertConfig {
  "_name_or_path": "bert-base-uncased",
  "architectures": [
    "BertForMaskedLM"
  ],
  "attention_probs_dropout_prob": 0.1,
  "classifier_dropout": null,
  "gradient_checkpointing": false,
  "hidden_act": "gelu",
  "hidden_dropout_prob": 0.1,
  "hidden_size": 768,
  "initializer_range": 0.02,
  "intermediate_size": 3072,
  "layer_norm_eps": 1e-12,
  "max_position_embeddings": 512,
  "model_type": "bert",
  "num_attention_heads": 12,
  "num_hidden_layers": 12,
  "pad_token_id": 0,
  "position_embedding_type": "absolute",
  "transformers_version": "4.24.0",
  "type_vocab_size": 2,
  "use_cache": true,
  "vocab_size": 30522
}

loading file vocab.json from cache at /home/mitryand/.cache/huggingface/hub/models--gpt2/snapshots/75e09b43581151bd1d9ef6700faa605df408979f/vocab.json
loading file merges.txt from cache at /home/mitryand/.cache/huggingface/hub/models--gpt2/snapshots/75e09b43581151bd1d9ef6700faa605df408979f/merges.txt
loading file tokenizer.json from cache at /home/mitryand/.cache/huggingface/hub/models--gpt2/snapshots/75e09b43581151bd1d9ef6700faa605df408979f/tokenizer.json
loading file added_tokens.json from cache at None
loading file special_tokens_map.json from cache at None
loading file tokenizer_config.json from cache at None
loading configuration file config.json from cache at /home/mitryand/.cache/huggingface/hub/models--gpt2/snapshots/75e09b43581151bd1d9ef6700faa605df408979f/config.json
Model config GPT2Config {
  "_name_or_path": "gpt2",
  "activation_function": "gelu_new",
  "architectures": [
    "GPT2LMHeadModel"
  ],
  "attn_pdrop": 0.1,
  "bos_token_id": 50256,
  "embd_pdrop": 0.1,
  "eos_token_id": 50256,
  "initializer_range": 0.02,
  "layer_norm_epsilon": 1e-05,
  "model_type": "gpt2",
  "n_ctx": 1024,
  "n_embd": 768,
  "n_head": 12,
  "n_inner": null,
  "n_layer": 12,
  "n_positions": 1024,
  "reorder_and_upcast_attn": false,
  "resid_pdrop": 0.1,
  "scale_attn_by_inverse_layer_idx": false,
  "scale_attn_weights": true,
  "summary_activation": null,
  "summary_first_dropout": 0.1,
  "summary_proj_to_labels": true,
  "summary_type": "cls_index",
  "summary_use_proj": true,
  "task_specific_params": {
    "text-generation": {
      "do_sample": true,
      "max_length": 50
    }
  },
  "transformers_version": "4.24.0",
  "use_cache": true,
  "vocab_size": 50257
}

loaded 926 training samples
loaded 209 validation samples
loaded 24 test samples
False
