Some weights of the model checkpoint at bert-base-uncased were not used when initializing BertModel: ['cls.predictions.bias', 'cls.predictions.decoder.weight', 'cls.predictions.transform.dense.bias', 'cls.seq_relationship.weight', 'cls.seq_relationship.bias', 'cls.predictions.transform.dense.weight', 'cls.predictions.transform.LayerNorm.bias', 'cls.predictions.transform.LayerNorm.weight']
- This IS expected if you are initializing BertModel from the checkpoint of a model trained on another task or with another architecture (e.g. initializing a BertForSequenceClassification model from a BertForPreTraining model).
- This IS NOT expected if you are initializing BertModel from the checkpoint of a model that you expect to be exactly identical (initializing a BertForSequenceClassification model from a BertForSequenceClassification model).
Some weights of GPT2LMHeadModel were not initialized from the model checkpoint at gpt2 and are newly initialized: ['h.6.crossattention.masked_bias', 'h.7.crossattention.masked_bias', 'h.10.crossattention.c_attn.weight', 'h.6.ln_cross_attn.weight', 'h.3.crossattention.masked_bias', 'h.1.crossattention.masked_bias', 'h.3.crossattention.q_attn.weight', 'h.10.crossattention.c_proj.bias', 'h.11.crossattention.c_proj.bias', 'h.2.crossattention.bias', 'h.1.crossattention.q_attn.weight', 'h.10.ln_cross_attn.weight', 'h.9.crossattention.q_attn.weight', 'h.9.crossattention.c_proj.weight', 'h.4.crossattention.bias', 'h.4.crossattention.c_attn.weight', 'h.3.ln_cross_attn.weight', 'h.0.crossattention.c_proj.weight', 'h.8.ln_cross_attn.weight', 'h.8.crossattention.c_proj.bias', 'h.0.crossattention.q_attn.weight', 'h.9.ln_cross_attn.weight', 'h.2.crossattention.masked_bias', 'h.8.crossattention.c_attn.weight', 'h.5.crossattention.bias', 'h.3.crossattention.bias', 'h.6.crossattention.c_proj.bias', 'h.10.crossattention.masked_bias', 'h.1.ln_cross_attn.weight', 'h.10.crossattention.bias', 'h.9.crossattention.c_proj.bias', 'h.2.crossattention.c_proj.bias', 'h.1.crossattention.c_attn.weight', 'h.1.crossattention.bias', 'h.7.crossattention.q_attn.weight', 'h.1.crossattention.c_proj.bias', 'h.9.crossattention.c_attn.weight', 'h.3.crossattention.c_attn.weight', 'h.5.crossattention.q_attn.weight', 'h.8.crossattention.bias', 'h.4.crossattention.masked_bias', 'h.0.crossattention.c_attn.weight', 'h.5.ln_cross_attn.weight', 'h.4.crossattention.c_proj.bias', 'h.4.ln_cross_attn.weight', 'h.2.crossattention.c_attn.weight', 'h.6.crossattention.bias', 'h.4.crossattention.c_proj.weight', 'h.2.crossattention.c_proj.weight', 'h.4.crossattention.q_attn.weight', 'h.9.crossattention.bias', 'h.9.crossattention.masked_bias', 'h.5.crossattention.c_proj.weight', 'h.6.crossattention.c_attn.weight', 'h.8.crossattention.q_attn.weight', 'h.10.crossattention.c_proj.weight', 'h.1.crossattention.c_proj.weight', 'h.11.crossattention.masked_bias', 'h.6.crossattention.q_attn.weight', 'h.11.crossattention.c_attn.weight', 'h.5.crossattention.c_attn.weight', 'h.7.crossattention.c_proj.bias', 'h.0.ln_cross_attn.weight', 'h.3.crossattention.c_proj.bias', 'h.6.crossattention.c_proj.weight', 'h.2.ln_cross_attn.weight', 'h.11.ln_cross_attn.weight', 'h.7.crossattention.c_attn.weight', 'h.0.crossattention.c_proj.bias', 'h.5.crossattention.masked_bias', 'h.7.ln_cross_attn.weight', 'h.7.crossattention.bias', 'h.2.crossattention.q_attn.weight', 'h.8.crossattention.c_proj.weight', 'h.8.crossattention.masked_bias', 'h.7.crossattention.c_proj.weight', 'h.3.crossattention.c_proj.weight', 'h.11.crossattention.q_attn.weight', 'h.0.crossattention.masked_bias', 'h.10.crossattention.q_attn.weight', 'h.5.crossattention.c_proj.bias', 'h.11.crossattention.c_proj.weight', 'h.0.crossattention.bias', 'h.11.crossattention.bias']
You should probably TRAIN this model on a down-stream task to be able to use it for predictions and inference.
loaded 232 training samples
loaded 53 validation samples
loaded 6 test samples
created model
Begin training!
  0%|          | 0/232 [00:00<?, ?it/s]Traceback (most recent call last):
  File "/home/mitryand/EECS-595-Final-Project-Style-Transfer/train_model.py", line 175, in <module>
    main(params)
  File "/home/mitryand/EECS-595-Final-Project-Style-Transfer/train_model.py", line 160, in main
    model = train(model, train_dataloader, eval_dataloader, params)
  File "/home/mitryand/EECS-595-Final-Project-Style-Transfer/train_model.py", line 118, in train
    outputs = model(input_ids=batch[0], labels=batch[0])
  File "/home/mitryand/.local/lib/python3.10/site-packages/torch/nn/modules/module.py", line 1130, in _call_impl
    return forward_call(*input, **kwargs)
  File "/home/mitryand/.local/lib/python3.10/site-packages/transformers/models/encoder_decoder/modeling_encoder_decoder.py", line 590, in forward
    encoder_outputs = self.encoder(
  File "/home/mitryand/.local/lib/python3.10/site-packages/torch/nn/modules/module.py", line 1130, in _call_impl
    return forward_call(*input, **kwargs)
  File "/home/mitryand/.local/lib/python3.10/site-packages/transformers/models/bert/modeling_bert.py", line 1007, in forward
    embedding_output = self.embeddings(
  File "/home/mitryand/.local/lib/python3.10/site-packages/torch/nn/modules/module.py", line 1130, in _call_impl
    return forward_call(*input, **kwargs)
  File "/home/mitryand/.local/lib/python3.10/site-packages/transformers/models/bert/modeling_bert.py", line 231, in forward
    inputs_embeds = self.word_embeddings(input_ids)
  File "/home/mitryand/.local/lib/python3.10/site-packages/torch/nn/modules/module.py", line 1130, in _call_impl
    return forward_call(*input, **kwargs)
  File "/home/mitryand/.local/lib/python3.10/site-packages/torch/nn/modules/sparse.py", line 158, in forward
    return F.embedding(
  File "/home/mitryand/.local/lib/python3.10/site-packages/torch/nn/functional.py", line 2199, in embedding
    return torch.embedding(weight, input, padding_idx, scale_grad_by_freq, sparse)
RuntimeError: Expected all tensors to be on the same device, but found at least two devices, cuda:0 and cpu! (when checking argument for argument index in method wrapper__index_select)
  0%|          | 0/232 [00:00<?, ?it/s]
